<?xml version="1.0" encoding="UTF-8"?>
<testsuite xmlns:xsi="http://www.w3.org/2001/XMLSchema-instance" xsi:noNamespaceSchemaLocation="https://maven.apache.org/surefire/maven-surefire-plugin/xsd/surefire-test-report-3.0.xsd" version="3.0" name="JDrawingPanelTest" time="0.21" tests="12" errors="0" skipped="0" failures="0">
  <properties>
    <property name="java.specification.version" value="20"/>
    <property name="sun.cpu.isalist" value="amd64"/>
    <property name="sun.jnu.encoding" value="Cp1252"/>
    <property name="java.class.path" value="C:\persistence_g2_4\persistence_g2_4\target\test-classes;C:\persistence_g2_4\persistence_g2_4\target\classes;C:\Users\dames\.m2\repository\org\glassfish\javax.json\1.1.4\javax.json-1.1.4.jar;C:\Users\dames\.m2\repository\edu\uga\miage\m1\edu.uga.singleshape\1.0.1\edu.uga.singleshape-1.0.1.jar;C:\Users\dames\.m2\repository\edu\uga\miage\m1\persistence_metier_g2_4\1.0.0\persistence_metier_g2_4-1.0.0.jar;C:\Users\dames\.m2\repository\org\junit\jupiter\junit-jupiter-engine\5.4.0\junit-jupiter-engine-5.4.0.jar;C:\Users\dames\.m2\repository\org\apiguardian\apiguardian-api\1.0.0\apiguardian-api-1.0.0.jar;C:\Users\dames\.m2\repository\org\junit\platform\junit-platform-engine\1.4.0\junit-platform-engine-1.4.0.jar;C:\Users\dames\.m2\repository\org\opentest4j\opentest4j\1.1.1\opentest4j-1.1.1.jar;C:\Users\dames\.m2\repository\org\junit\platform\junit-platform-commons\1.4.0\junit-platform-commons-1.4.0.jar;C:\Users\dames\.m2\repository\org\junit\jupiter\junit-jupiter-api\5.4.0\junit-jupiter-api-5.4.0.jar;C:\Users\dames\.m2\repository\org\mockito\mockito-core\5.6.0\mockito-core-5.6.0.jar;C:\Users\dames\.m2\repository\net\bytebuddy\byte-buddy\1.14.8\byte-buddy-1.14.8.jar;C:\Users\dames\.m2\repository\net\bytebuddy\byte-buddy-agent\1.14.8\byte-buddy-agent-1.14.8.jar;C:\Users\dames\.m2\repository\org\objenesis\objenesis\3.3\objenesis-3.3.jar;C:\Users\dames\.m2\repository\org\awaitility\awaitility\4.0.3\awaitility-4.0.3.jar;C:\Users\dames\.m2\repository\org\hamcrest\hamcrest\2.1\hamcrest-2.1.jar;"/>
    <property name="sun.awt.enableExtraMouseButtons" value="true"/>
    <property name="java.vm.vendor" value="Oracle Corporation"/>
    <property name="sun.arch.data.model" value="64"/>
    <property name="user.variant" value=""/>
    <property name="java.vendor.url" value="https://java.oracle.com/"/>
    <property name="user.timezone" value="Europe/Paris"/>
    <property name="os.name" value="Windows 11"/>
    <property name="java.vm.specification.version" value="20"/>
    <property name="sun.java.launcher" value="SUN_STANDARD"/>
    <property name="user.country" value="FR"/>
    <property name="sun.boot.library.path" value="C:\Program Files\Java\jdk-20\bin"/>
    <property name="sun.java.command" value="C:\Users\dames\AppData\Local\Temp\surefire6945232118754110998\surefirebooter15088388753279304261.jar C:\Users\dames\AppData\Local\Temp\surefire6945232118754110998 2023-12-16T03-39-54_284-jvmRun1 surefire13700524096108803767tmp surefire_03092578263318210631tmp"/>
    <property name="jdk.debug" value="release"/>
    <property name="surefire.test.class.path" value="C:\persistence_g2_4\persistence_g2_4\target\test-classes;C:\persistence_g2_4\persistence_g2_4\target\classes;C:\Users\dames\.m2\repository\org\glassfish\javax.json\1.1.4\javax.json-1.1.4.jar;C:\Users\dames\.m2\repository\edu\uga\miage\m1\edu.uga.singleshape\1.0.1\edu.uga.singleshape-1.0.1.jar;C:\Users\dames\.m2\repository\edu\uga\miage\m1\persistence_metier_g2_4\1.0.0\persistence_metier_g2_4-1.0.0.jar;C:\Users\dames\.m2\repository\org\junit\jupiter\junit-jupiter-engine\5.4.0\junit-jupiter-engine-5.4.0.jar;C:\Users\dames\.m2\repository\org\apiguardian\apiguardian-api\1.0.0\apiguardian-api-1.0.0.jar;C:\Users\dames\.m2\repository\org\junit\platform\junit-platform-engine\1.4.0\junit-platform-engine-1.4.0.jar;C:\Users\dames\.m2\repository\org\opentest4j\opentest4j\1.1.1\opentest4j-1.1.1.jar;C:\Users\dames\.m2\repository\org\junit\platform\junit-platform-commons\1.4.0\junit-platform-commons-1.4.0.jar;C:\Users\dames\.m2\repository\org\junit\jupiter\junit-jupiter-api\5.4.0\junit-jupiter-api-5.4.0.jar;C:\Users\dames\.m2\repository\org\mockito\mockito-core\5.6.0\mockito-core-5.6.0.jar;C:\Users\dames\.m2\repository\net\bytebuddy\byte-buddy\1.14.8\byte-buddy-1.14.8.jar;C:\Users\dames\.m2\repository\net\bytebuddy\byte-buddy-agent\1.14.8\byte-buddy-agent-1.14.8.jar;C:\Users\dames\.m2\repository\org\objenesis\objenesis\3.3\objenesis-3.3.jar;C:\Users\dames\.m2\repository\org\awaitility\awaitility\4.0.3\awaitility-4.0.3.jar;C:\Users\dames\.m2\repository\org\hamcrest\hamcrest\2.1\hamcrest-2.1.jar;"/>
    <property name="sun.cpu.endian" value="little"/>
    <property name="user.home" value="C:\Users\dames"/>
    <property name="user.language" value="fr"/>
    <property name="java.specification.vendor" value="Oracle Corporation"/>
    <property name="java.version.date" value="2023-04-18"/>
    <property name="java.home" value="C:\Program Files\Java\jdk-20"/>
    <property name="file.separator" value="\"/>
    <property name="basedir" value="C:\persistence_g2_4\persistence_g2_4"/>
    <property name="java.vm.compressedOopsMode" value="Zero based"/>
    <property name="line.separator" value="&#10;"/>
    <property name="java.vm.specification.vendor" value="Oracle Corporation"/>
    <property name="java.specification.name" value="Java Platform API Specification"/>
    <property name="surefire.real.class.path" value="C:\Users\dames\AppData\Local\Temp\surefire6945232118754110998\surefirebooter15088388753279304261.jar"/>
    <property name="user.script" value=""/>
    <property name="sun.management.compiler" value="HotSpot 64-Bit Tiered Compilers"/>
    <property name="java.runtime.version" value="20.0.1+9-29"/>
    <property name="user.name" value="dames"/>
    <property name="stdout.encoding" value="Cp1252"/>
    <property name="path.separator" value=";"/>
    <property name="os.version" value="10.0"/>
    <property name="java.runtime.name" value="Java(TM) SE Runtime Environment"/>
    <property name="file.encoding" value="UTF-8"/>
    <property name="java.vm.name" value="Java HotSpot(TM) 64-Bit Server VM"/>
    <property name="localRepository" value="C:\Users\dames\.m2\repository"/>
    <property name="java.vendor.url.bug" value="https://bugreport.java.com/bugreport/"/>
    <property name="java.io.tmpdir" value="C:\Users\dames\AppData\Local\Temp\"/>
    <property name="java.version" value="20.0.1"/>
    <property name="user.dir" value="C:\persistence_g2_4\persistence_g2_4"/>
    <property name="os.arch" value="amd64"/>
    <property name="java.vm.specification.name" value="Java Virtual Machine Specification"/>
    <property name="sun.os.patch.level" value=""/>
    <property name="native.encoding" value="Cp1252"/>
    <property name="java.library.path" value="C:\Program Files\Java\jdk-20\bin;C:\Windows\Sun\Java\bin;C:\Windows\system32;C:\Windows;C:\Program Files\Common Files\Oracle\Java\javapath;C:\Program Files (x86)\Common Files\Oracle\Java\javapath;C:\Windows\system32;C:\Windows;C:\Windows\System32\Wbem;C:\Windows\System32\WindowsPowerShell\v1.0\;C:\Windows\System32\OpenSSH\;C:\Program Files\nodejs\;C:\Program Files\Git\cmd;C:\Users\dames\AppData\Local\Programs\Python\Python311\Scripts\;C:\Users\dames\AppData\Local\Programs\Python\Python311\;C:\Users\dames\AppData\Local\Microsoft\WindowsApps;C:\Users\dames\AppData\Local\Programs\Microsoft VS Code\bin;C:\Users\dames\Downloads\apache-maven-3.9.2\bin;C:\Users\dames\AppData\Roaming\npm;C:\Users\dames\Downloads\Tinder\chromedriver-win64\chromedriver-win64;;C:\Program Files\JetBrains\IntelliJ IDEA 2023.3.1\bin;;C:\Program Files\JetBrains\IntelliJ IDEA Community Edition 2023.3.1\bin;;."/>
    <property name="java.vm.info" value="mixed mode, sharing"/>
    <property name="stderr.encoding" value="Cp1252"/>
    <property name="java.vendor" value="Oracle Corporation"/>
    <property name="java.vm.version" value="20.0.1+9-29"/>
    <property name="sun.io.unicode.encoding" value="UnicodeLittle"/>
    <property name="java.class.version" value="64.0"/>
  </properties>
  <testcase name="isCursorOnAShape_shouldReturnTrueWhenCursorIsOnAShape" classname="JDrawingPanelTest" time="0.129"/>
  <testcase name="getSelectedShape_shouldReturnSelectedShapeWhenOneIsSelected" classname="JDrawingPanelTest" time="0.003"/>
  <testcase name="selectShape_shouldNotSelectShapeWhenCoordinatesAreNotInShapeBounds" classname="JDrawingPanelTest" time="0.035"/>
  <testcase name="isCursorOnAShape_shouldReturnFalseWhenCursorIsNotOnAShape" classname="JDrawingPanelTest" time="0.003"/>
  <testcase name="addShape_shouldAddShapeToPanel" classname="JDrawingPanelTest" time="0.002"/>
  <testcase name="cursorOnJDrawingPanel_shouldReturnFalseWhenCursorIsNotInsidePanel" classname="JDrawingPanelTest" time="0.001">
    <system-err><![CDATA[Exception in thread "AWT-EventQueue-0" ]]></system-err>
  </testcase>
  <testcase name="cursorOnJDrawingPanel_shouldReturnTrueWhenCursorIsInsidePanel" classname="JDrawingPanelTest" time="0.001">
    <system-err><![CDATA[java.lang.NullPointerException: Cannot invoke "java.awt.Graphics.setColor(java.awt.Color)" because "componentGraphics" is null
	at java.desktop/javax.swing.JComponent.getComponentGraphics(JComponent.java:813)
	at java.desktop/javax.swing.JComponent.paint(JComponent.java:1073)
	at edu.uga.miage.m1.polygons.gui.JDrawingPanel.paintComponents(JDrawingPanel.java:108)
	at edu.uga.miage.m1.polygons.gui.JDrawingPanel.refreshPanel(JDrawingPanel.java:127)
	at edu.uga.miage.m1.polygons.gui.JDrawingPanel$1.componentResized(JDrawingPanel.java:24)
	at java.desktop/java.awt.Component.processComponentEvent(Component.java:6446)
	at java.desktop/java.awt.Component.processEvent(Component.java:6400)
	at java.desktop/java.awt.Container.processEvent(Container.java:2266)
	at java.desktop/java.awt.Component.dispatchEventImpl(Component.java:4995)
	at java.desktop/java.awt.Container.dispatchEventImpl(Container.java:2324)
	at java.desktop/java.awt.Component.dispatchEvent(Component.java:4827)
	at java.desktop/java.awt.EventQueue.dispatchEventImpl(EventQueue.java:775)
	at java.desktop/java.awt.EventQueue$4.run(EventQueue.java:720)
	at java.desktop/java.awt.EventQueue$4.run(EventQueue.java:714)
	at java.base/java.security.AccessController.doPrivileged(AccessController.java:400)
	at java.base/java.security.ProtectionDomain$JavaSecurityAccessImpl.doIntersectionPrivilege(ProtectionDomain.java:87)
	at java.base/java.security.ProtectionDomain$JavaSecurityAccessImpl.doIntersectionPrivilege(ProtectionDomain.java:98)
	at java.desktop/java.awt.EventQueue$5.run(EventQueue.java:747)
	at java.desktop/java.awt.EventQueue$5.run(EventQueue.java:745)
	at java.base/java.security.AccessController.doPrivileged(AccessController.java:400)
	at java.base/java.security.ProtectionDomain$JavaSecurityAccessImpl.doIntersectionPrivilege(ProtectionDomain.java:87)
	at java.desktop/java.awt.EventQueue.dispatchEvent(EventQueue.java:744)
	at java.desktop/java.awt.EventDispatchThread.pumpOneEventForFilters(EventDispatchThread.java:203)
	at java.desktop/java.awt.EventDispatchThread.pumpEventsForFilter(EventDispatchThread.java:124)
	at java.desktop/java.awt.EventDispatchThread.pumpEventsForHierarchy(EventDispatchThread.java:113)
	at java.desktop/java.awt.EventDispatchThread.pumpEvents(EventDispatchThread.java:109)
	at java.desktop/java.awt.EventDispatchThread.pumpEvents(EventDispatchThread.java:101)
	at java.desktop/java.awt.EventDispatchThread.run(EventDispatchThread.java:90)
Exception in thread "AWT-EventQueue-0" ]]></system-err>
  </testcase>
  <testcase name="getSelectedShape_shouldReturnNullWhenNoShapesOnPanel" classname="JDrawingPanelTest" time="0.002">
    <system-err><![CDATA[java.lang.NullPointerException: Cannot invoke "java.awt.Graphics.setColor(java.awt.Color)" because "componentGraphics" is null
	at java.desktop/javax.swing.JComponent.getComponentGraphics(JComponent.java:813)
	at java.desktop/javax.swing.JComponent.paint(JComponent.java:1073)
	at edu.uga.miage.m1.polygons.gui.JDrawingPanel.paintComponents(JDrawingPanel.java:108)
	at edu.uga.miage.m1.polygons.gui.JDrawingPanel.refreshPanel(JDrawingPanel.java:127)
	at edu.uga.miage.m1.polygons.gui.JDrawingPanel$1.componentResized(JDrawingPanel.java:24)
	at java.desktop/java.awt.Component.processComponentEvent(Component.java:6446)
	at java.desktop/java.awt.Component.processEvent(Component.java:6400)
	at java.desktop/java.awt.Container.processEvent(Container.java:2266)
	at java.desktop/java.awt.Component.dispatchEventImpl(Component.java:4995)
	at java.desktop/java.awt.Container.dispatchEventImpl(Container.java:2324)
	at java.desktop/java.awt.Component.dispatchEvent(Component.java:4827)
	at java.desktop/java.awt.EventQueue.dispatchEventImpl(EventQueue.java:775)
	at java.desktop/java.awt.EventQueue$4.run(EventQueue.java:720)
	at java.desktop/java.awt.EventQueue$4.run(EventQueue.java:714)
	at java.base/java.security.AccessController.doPrivileged(AccessController.java:400)
	at java.base/java.security.ProtectionDomain$JavaSecurityAccessImpl.doIntersectionPrivilege(ProtectionDomain.java:87)
	at java.base/java.security.ProtectionDomain$JavaSecurityAccessImpl.doIntersectionPrivilege(ProtectionDomain.java:98)
	at java.desktop/java.awt.EventQueue$5.run(EventQueue.java:747)
	at java.desktop/java.awt.EventQueue$5.run(EventQueue.java:745)
	at java.base/java.security.AccessController.doPrivileged(AccessController.java:400)
	at java.base/java.security.ProtectionDomain$JavaSecurityAccessImpl.doIntersectionPrivilege(ProtectionDomain.java:87)
	at java.desktop/java.awt.EventQueue.dispatchEvent(EventQueue.java:744)
	at java.desktop/java.awt.EventDispatchThread.pumpOneEventForFilters(EventDispatchThread.java:203)
	at java.desktop/java.awt.EventDispatchThread.pumpEventsForFilter(EventDispatchThread.java:124)
	at java.desktop/java.awt.EventDispatchThread.pumpEventsForHierarchy(EventDispatchThread.java:113)
	at java.desktop/java.awt.EventDispatchThread.pumpEvents(EventDispatchThread.java:109)
	at java.desktop/java.awt.EventDispatchThread.pumpEvents(EventDispatchThread.java:101)
	at java.desktop/java.awt.EventDispatchThread.run(EventDispatchThread.java:90)
]]></system-err>
  </testcase>
  <testcase name="selectShape_shouldSelectShapeWhenCoordinatesAreInShapeBounds" classname="JDrawingPanelTest" time="0.029"/>
  <testcase name="getSelectedShape_shouldReturnNullWhenNoShapeIsSelected" classname="JDrawingPanelTest" time="0.001"/>
  <testcase name="unSelectShape_shouldSetSelectedToFalseForAllShapes" classname="JDrawingPanelTest" time="0.002"/>
  <testcase name="addShape_shouldNotAddNullShapeToPanel" classname="JDrawingPanelTest" time="0"/>
</testsuite>